[LOG] System::create                           : Header version = 2.01.09. Current version = 2.01.09.
[LOG] Manager::init                            : maxchannels = 256 studioflags = 00000006 flags 00000000 extradriverdata 0000000000000000.
[LOG] SystemI::init                            : Initialize version=20109 (115889), maxchannels=256, flags=0x00020000
[LOG] SystemI::setOutputInternal               : Setting output to 'FMOD WASAPI Output'
[LOG] OutputWASAPI::init                       : Mix Format (WAVEFORMATEX): wFormatTag=0xFFFE, nChannels=2, nSamplesPerSec=48000, nAvgBytesPerSec=384000, nBlockAlign=8, wBitsPerSample=32, cbSize=22.
[LOG] OutputWASAPI::init                       : Mix Format (WAVEFORMATEXTENSIBLE): wValidBitsPerSample=32, dwChannelMask=0x00000003, SubFormat=00000003-0000-0010-8000-00AA00389B71.
[LOG] OutputWASAPI::init                       : Output buffer size: 4096 samples, latency: 0.00ms, period: 10.00ms, DSP buffer: 1024 * 4
[LOG] Thread::initThread                       : Init FMOD stream thread. Affinity: 0x8000000000000003, Priority: 0xFFFF7FFB, Stack Size: 98304, Semaphore: No, Sleep Time: 10, Looping: Yes.
[LOG] Thread::initThread                       : Init FMOD mixer thread. Affinity: 0x8000000000000001, Priority: 0xFFFF7FFA, Stack Size: 81920, Semaphore: No, Sleep Time: 0, Looping: Yes.
[LOG] AsyncManager::init                       : manager 000002CDDCCA7F28 isAsync 0 updatePeriod 0.02
[LOG] AsyncManager::init                       : done
[LOG] PlaybackSystem::init                     : 
[LOG] Thread::initThread                       : Init FMOD Studio sample load thread. Affinity: 0x8000000000000003, Priority: 0xFFFF7FFD, Stack Size: 98304, Semaphore: No, Sleep Time: 1, Looping: No.
[LOG] PlaybackSystem::init                     : done
[LOG] Thread::initThread                       : Init FMOD Studio bank load thread. Affinity: 0x8000000000000003, Priority: 0xFFFF7FFD, Stack Size: 98304, Semaphore: No, Sleep Time: 1, Looping: No.
[LOG] Manager::init                            : done.
[LOG] Manager::readBank                        : fileversion = 135, compatVersion = 132 (oldest = 44, newest = 135)
[LOG] Manager::readBank                        : fileversion = 135, compatVersion = 132 (oldest = 44, newest = 135)
[LOG] SystemI::createSound                     : filename = LjudMusik/Desktop/Musik.bank : mode 02010082
[LOG] SystemI::createSound                     : FMOD_NONBLOCKING specified.  Putting into queue to be opened asynchronously!
[LOG] SystemI::createSound                     : setdata soundi = 000002CDDE669508 : node = 000002CCF9D5E6D0
[LOG] SystemI::createSound                     : add node to async list : head = 000002CE27888EE8.  list count = 0
[LOG] SystemI::createSound                     : filename = LjudMusik/Desktop/Musik.bank : mode 02010082
[LOG] SystemI::createSound                     : FMOD_NONBLOCKING specified.  Putting into queue to be opened asynchronously!
[LOG] SystemI::createSound                     : setdata soundi = 000002CDDE66A0D8 : node = 000002CCF9D5FE90
[LOG] SystemI::createSound                     : add node to async list : head = 000002CE27888EE8.  list count = 0
[LOG] SystemI::createSound                     : filename = LjudMusik/Desktop/Musik.bank : mode 02010082
[LOG] SystemI::createSound                     : FMOD_NONBLOCKING specified.  Putting into queue to be opened asynchronously!
[LOG] SystemI::createSound                     : setdata soundi = 000002CDDE66A288 : node = 000002CCF9D61010
[LOG] SystemI::createSound                     : add node to async list : head = 000002CE27888EE8.  list count = 1
[LOG] SystemI::createSound                     : filename = LjudMusik/Desktop/Musik.bank : mode 02010082
[LOG] AsyncThread::threadFunc                  : Starting Asynchronous operation on sound 000002CDDE669508
[LOG] SystemI::createSound                     : FMOD_NONBLOCKING specified.  Putting into queue to be opened asynchronously!
[LOG] SystemI::createSoundInternal             :     Create name='LjudMusik/Desktop/Musik.bank', mode=0x02010082
[LOG] SystemI::createSoundInternal             :     exinfo->cbsize             = 224
[LOG] SystemI::createSoundInternal             :     exinfo->length             = 3465632
[LOG] SystemI::createSoundInternal             :     exinfo->fileoffset         = 31712
[LOG] SystemI::createSoundInternal             :     exinfo->numsubsounds       = 1
[LOG] SystemI::createSoundInternal             :     exinfo->inclusionlist      = 000002CCF9D5E7E0
[LOG] SystemI::createSoundInternal             :     exinfo->inclusionlistnum   = 1
[LOG] SystemI::createSoundInternal             :     exinfo->suggestedsoundtype = 5
[LOG] SystemI::createSoundInternal             :     exinfo->initialseekpostype = 1
[LOG] SystemI::createSound                     :     setdata soundi = 000002CDDE66AAF8 : node = 000002CCF9D61290
[LOG] SystemI::createSoundInternal             :     Stream 0/1: name='Lifes a lich 2-latin top long', format=5, channels=2, frequency=48000, lengthbytes=223488, lengthpcm=837817, pcmblocksize=0, loopstart=0, loopend=0, mode=0x00000000, channelmask=0x00000000, channelorder=0, peakvolume=0.315821.
[LOG] SystemI::createSound                     :     add node to async list : head = 000002CE27888EE8.  list count = 2
[LOG] SystemI::createSound                     :     filename = LjudMusik/Desktop/Musik.bank : mode 02010082
[LOG] SystemI::createSound                     :     FMOD_NONBLOCKING specified.  Putting into queue to be opened asynchronously!
[LOG] SystemI::createSound                     :     setdata soundi = 000002CDDE66C298 : node = 000002CCF9D5F850
[LOG] SystemI::createSound                     :     add node to async list : head = 000002CE27888EE8.  list count = 3
[LOG] SystemI::createSound                     :     filename = LjudMusik/Desktop/Musik.bank : mode 02010082
[LOG] SystemI::createSound                     :     FMOD_NONBLOCKING specified.  Putting into queue to be opened asynchronously!
[LOG] SystemI::createSound                     :     setdata soundi = 000002CDDE66AE58 : node = 000002CCF9D613D0
[LOG] SystemI::createSound                     :     add node to async list : head = 000002CE27888EE8.  list count = 4
[LOG] SystemI::createSound                     :     filename = LjudMusik/Desktop/Musik.bank : mode 02010082
[LOG] SystemI::createSound                     :     FMOD_NONBLOCKING specified.  Putting into queue to be opened asynchronously!
[LOG] SystemI::createSound                     :     setdata soundi = 000002CDDE674EA8 : node = 000002CCF9D60890
[LOG] SystemI::createSound                     :     add node to async list : head = 000002CE27888EE8.  list count = 5
[LOG] AsyncThread::threadFunc                  : Finished Asynchronous operation on sound 000002CDDE669508
[LOG] AsyncThread::threadFunc                  : Starting Asynchronous operation on sound 000002CDDE66A0D8
[LOG] SystemI::createSoundInternal             :     Create name='LjudMusik/Desktop/Musik.bank', mode=0x02010082
[LOG] SystemI::createSoundInternal             :     exinfo->cbsize             = 224
[LOG] SystemI::createSoundInternal             :     exinfo->length             = 3465632
[LOG] SystemI::createSoundInternal             :     exinfo->fileoffset         = 31712
[LOG] SystemI::createSoundInternal             :     exinfo->numsubsounds       = 1
[LOG] SystemI::createSoundInternal             :     exinfo->inclusionlist      = 000002CCF9D5FFA0
[LOG] SystemI::createSoundInternal             :     exinfo->inclusionlistnum   = 1
[LOG] SystemI::createSoundInternal             :     exinfo->suggestedsoundtype = 5
[LOG] SystemI::createSoundInternal             :     exinfo->initialseekpostype = 1
[LOG] SystemI::createSoundInternal             :     Stream 0/1: name='Lifes a lich 2-bass longer', format=5, channels=2, frequency=48000, lengthbytes=222560, lengthpcm=1047271, pcmblocksize=0, loopstart=0, loopend=0, mode=0x00000000, channelmask=0x00000000, channelorder=0, peakvolume=0.364866.
[LOG] AsyncThread::threadFunc                  : Finished Asynchronous operation on sound 000002CDDE66A0D8
[LOG] AsyncThread::threadFunc                  : Starting Asynchronous operation on sound 000002CDDE66A288
[LOG] SystemI::createSoundInternal             :     Create name='LjudMusik/Desktop/Musik.bank', mode=0x02010082
[LOG] SystemI::createSoundInternal             :     exinfo->cbsize             = 224
[LOG] SystemI::createSoundInternal             :     exinfo->length             = 3465632
[LOG] SystemI::createSoundInternal             :     exinfo->fileoffset         = 31712
[LOG] SystemI::createSoundInternal             :     exinfo->numsubsounds       = 1
[LOG] SystemI::createSoundInternal             :     exinfo->inclusionlist      = 000002CCF9D61120
[LOG] SystemI::createSoundInternal             :     exinfo->inclusionlistnum   = 1
[LOG] SystemI::createSoundInternal             :     exinfo->suggestedsoundtype = 5
[LOG] SystemI::createSoundInternal             :     exinfo->initialseekpostype = 1
[LOG] SystemI::createSoundInternal             :     Stream 0/1: name='Lifes a lich 2-latin bass long', format=5, channels=2, frequency=48000, lengthbytes=220064, lengthpcm=837817, pcmblocksize=0, loopstart=0, loopend=0, mode=0x00000000, channelmask=0x00000000, channelorder=0, peakvolume=0.552854.
[LOG] AsyncThread::threadFunc                  : Finished Asynchronous operation on sound 000002CDDE66A288
[LOG] AsyncThread::threadFunc                  : Starting Asynchronous operation on sound 000002CDDE66AAF8
[LOG] SystemI::createSoundInternal             :     Create name='LjudMusik/Desktop/Musik.bank', mode=0x02010082
[LOG] SystemI::createSoundInternal             :     exinfo->cbsize             = 224
[LOG] SystemI::createSoundInternal             :     exinfo->length             = 3465632
[LOG] SystemI::createSoundInternal             :     exinfo->fileoffset         = 31712
[LOG] SystemI::createSoundInternal             :     exinfo->numsubsounds       = 1
[LOG] SystemI::createSoundInternal             :     exinfo->inclusionlist      = 000002CCF9D613A0
[LOG] SystemI::createSoundInternal             :     exinfo->inclusionlistnum   = 1
[LOG] SystemI::createSoundInternal             :     exinfo->suggestedsoundtype = 5
[LOG] SystemI::createSoundInternal             :     exinfo->initialseekpostype = 1
[LOG] SystemI::createSoundInternal             :     Stream 0/1: name='Harp', format=5, channels=2, frequency=48000, lengthbytes=203360, lengthpcm=1047271, pcmblocksize=0, loopstart=0, loopend=0, mode=0x00000000, channelmask=0x00000000, channelorder=0, peakvolume=0.414143.
[LOG] AsyncThread::threadFunc                  : Finished Asynchronous operation on sound 000002CDDE66AAF8
[LOG] AsyncThread::threadFunc                  : Starting Asynchronous operation on sound 000002CDDE66C298
[LOG] SystemI::createSoundInternal             :     Create name='LjudMusik/Desktop/Musik.bank', mode=0x02010082
[LOG] SystemI::createSoundInternal             :     exinfo->cbsize             = 224
[LOG] SystemI::createSoundInternal             :     exinfo->length             = 3465632
[LOG] SystemI::createSoundInternal             :     exinfo->fileoffset         = 31712
[LOG] SystemI::createSoundInternal             :     exinfo->numsubsounds       = 1
[LOG] SystemI::createSoundInternal             :     exinfo->inclusionlist      = 000002CCF9D5F960
[LOG] SystemI::createSoundInternal             :     exinfo->inclusionlistnum   = 1
[LOG] SystemI::createSoundInternal             :     exinfo->suggestedsoundtype = 5
[LOG] SystemI::createSoundInternal             :     exinfo->initialseekpostype = 1
[LOG] SystemI::createSoundInternal             :     Stream 0/1: name='Lifes a lich 2-latin top long', format=5, channels=2, frequency=48000, lengthbytes=223488, lengthpcm=837817, pcmblocksize=0, loopstart=0, loopend=0, mode=0x00000000, channelmask=0x00000000, channelorder=0, peakvolume=0.315821.
[LOG] AsyncThread::threadFunc                  : Finished Asynchronous operation on sound 000002CDDE66C298
[LOG] AsyncThread::threadFunc                  : Starting Asynchronous operation on sound 000002CDDE66AE58
[LOG] SystemI::createSoundInternal             :     Create name='LjudMusik/Desktop/Musik.bank', mode=0x02010082
[LOG] SystemI::createSoundInternal             :     exinfo->cbsize             = 224
[LOG] SystemI::createSoundInternal             :     exinfo->length             = 3465632
[LOG] SystemI::createSoundInternal             :     exinfo->fileoffset         = 31712
[LOG] SystemI::createSoundInternal             :     exinfo->numsubsounds       = 1
[LOG] SystemI::createSoundInternal             :     exinfo->inclusionlist      = 000002CCF9D614E0
[LOG] SystemI::createSoundInternal             :     exinfo->inclusionlistnum   = 1
[LOG] SystemI::createSoundInternal             :     exinfo->suggestedsoundtype = 5
[LOG] SystemI::createSoundInternal             :     exinfo->initialseekpostype = 1
[LOG] SystemI::createSoundInternal             :     Stream 0/1: name='Lifes a lich 2-latin low long', format=5, channels=2, frequency=48000, lengthbytes=237920, lengthpcm=942544, pcmblocksize=0, loopstart=0, loopend=0, mode=0x00000000, channelmask=0x00000000, channelorder=0, peakvolume=0.552853.
[LOG] AsyncThread::threadFunc                  : Finished Asynchronous operation on sound 000002CDDE66AE58
[LOG] AsyncThread::threadFunc                  : Starting Asynchronous operation on sound 000002CDDE674EA8
[LOG] SystemI::createSoundInternal             :     Create name='LjudMusik/Desktop/Musik.bank', mode=0x02010082
[LOG] SystemI::createSoundInternal             :     exinfo->cbsize             = 224
[LOG] SystemI::createSoundInternal             :     exinfo->length             = 3465632
[LOG] SystemI::createSoundInternal             :     exinfo->fileoffset         = 31712
[LOG] SystemI::createSoundInternal             :     exinfo->numsubsounds       = 1
[LOG] SystemI::createSoundInternal             :     exinfo->inclusionlist      = 000002CCF9D609A0
[LOG] SystemI::createSoundInternal             :     exinfo->inclusionlistnum   = 1
[LOG] SystemI::createSoundInternal             :     exinfo->suggestedsoundtype = 5
[LOG] SystemI::createSoundInternal             :     exinfo->initialseekpostype = 1
[LOG] SystemI::createSoundInternal             :     Stream 0/1: name='Lifes a lich 2.multi longer', format=5, channels=2, frequency=48000, lengthbytes=266240, lengthpcm=1047271, pcmblocksize=0, loopstart=0, loopend=0, mode=0x00000000, channelmask=0x00000000, channelorder=0, peakvolume=0.774988.
[LOG] AsyncThread::threadFunc                  : Finished Asynchronous operation on sound 000002CDDE674EA8
[LOG] AsyncThread::threadFunc                  : Starting Asynchronous operation on sound 000002CDDE671A58
[LOG] AsyncThread::threadFunc                  : Finished Asynchronous operation on sound 000002CDDE671A58
[LOG] AsyncThread::threadFunc                  : Starting Asynchronous operation on sound 000002CDDE6711E8
[LOG] AsyncThread::threadFunc                  : Finished Asynchronous operation on sound 000002CDDE6711E8
[LOG] AsyncThread::threadFunc                  : Starting Asynchronous operation on sound 000002CDDE6718A8
[LOG] AsyncThread::threadFunc                  : Finished Asynchronous operation on sound 000002CDDE6718A8
[LOG] SoundI::release                          : Lich-perc long (000002CD719CC238)
[LOG] SoundI::release                          :     Lich-perc long (000002CDE45F5428)
[LOG] SoundI::release                          :     Lich-perc long (000002CD719D0918)
[LOG] SoundI::release                          : Lich-basson intro (000002CD719CC088)
[LOG] SoundI::release                          :     Lich-basson intro (000002CDE45F7988)
[LOG] SoundI::release                          :     Lich-basson intro (000002CD719CAFA8)
[LOG] SoundI::release                          : Harp (000002CDDE66AAF8)
[LOG] SoundI::release                          :     Harp (000002CDE45F4C08)
[LOG] SoundI::release                          :     Harp (000002CDDE670108)
[LOG] SoundI::release                          : Lifes a lich 2-latin bass long (000002CDDE66A288)
[LOG] SoundI::release                          :     Lifes a lich 2-latin bass long (000002CDE45F4248)
[LOG] SoundI::release                          :     Lifes a lich 2-latin bass long (000002CDDE66FDA8)
[LOG] SoundI::release                          : Lifes a lich 2-bass longer (000002CDDE66A0D8)
[LOG] SoundI::release                          :     Lifes a lich 2-bass longer (000002CDE45F62C8)
[LOG] SoundI::release                          :     Lifes a lich 2-bass longer (000002CDDE6767F8)
[LOG] SoundI::release                          : Lifes a lich 2-latin top long (000002CDDE669508)
[LOG] SoundI::release                          :     Lifes a lich 2-latin top long (000002CDE45F9388)
[LOG] SoundI::release                          :     Lifes a lich 2-latin top long (000002CDDE66A5E8)
[LOG] SystemI::createSound                     : filename = LjudMusik/Desktop/Musik.bank : mode 02010082
[LOG] SystemI::createSound                     : FMOD_NONBLOCKING specified.  Putting into queue to be opened asynchronously!
[LOG] SystemI::createSound                     : setdata soundi = 000002CDDE669358 : node = 000002CCF9D609D0
[LOG] SystemI::createSound                     : add node to async list : head = 000002CE27888EE8.  list count = 0
[LOG] SystemI::createSound                     : filename = LjudMusik/Desktop/Musik.bank : mode 02010082
[LOG] AsyncThread::threadFunc                  : Starting Asynchronous operation on sound 000002CDDE669358
[LOG] SystemI::createSound                     : FMOD_NONBLOCKING specified.  Putting into queue to be opened asynchronously!
[LOG] SystemI::createSoundInternal             :     Create name='LjudMusik/Desktop/Musik.bank', mode=0x02010082
[LOG] SystemI::createSound                     :     setdata soundi = 000002CDDE66A0D8 : node = 000002CCF9D61DD0
[LOG] SystemI::createSoundInternal             :     exinfo->cbsize             = 224
[LOG] SystemI::createSound                     :     add node to async list : head = 000002CE27888EE8.  list count = 0
[LOG] SystemI::createSoundInternal             :     exinfo->length             = 3465632
[LOG] SystemI::createSoundInternal             :     exinfo->fileoffset         = 31712
[LOG] SystemI::createSound                     :     filename = LjudMusik/Desktop/Musik.bank : mode 02010082
[LOG] SystemI::createSoundInternal             :     exinfo->numsubsounds       = 1
[LOG] SystemI::createSound                     :     FMOD_NONBLOCKING specified.  Putting into queue to be opened asynchronously!
[LOG] SystemI::createSoundInternal             :     exinfo->inclusionlist      = 000002CCF9D60AE0
[LOG] SystemI::createSound                     :     setdata soundi = 000002CDDE66BA28 : node = 000002CCF9D60B10
[LOG] SystemI::createSoundInternal             :     exinfo->inclusionlistnum   = 1
[LOG] SystemI::createSound                     :     add node to async list : head = 000002CE27888EE8.  list count = 1
[LOG] SystemI::createSoundInternal             :     exinfo->suggestedsoundtype = 5
[LOG] SystemI::createSound                     :     filename = LjudMusik/Desktop/Musik.bank : mode 02010082
[LOG] SystemI::createSoundInternal             :     exinfo->initialseekpostype = 1
[LOG] SystemI::createSound                     :     FMOD_NONBLOCKING specified.  Putting into queue to be opened asynchronously!
[LOG] SystemI::createSound                     :     setdata soundi = 000002CDDE66A288 : node = 000002CCF9D60C50
[LOG] SystemI::createSound                     :     add node to async list : head = 000002CE27888EE8.  list count = 2
[LOG] SystemI::createSound                     :     filename = LjudMusik/Desktop/Musik.bank : mode 02010082
[LOG] SystemI::createSound                     :     FMOD_NONBLOCKING specified.  Putting into queue to be opened asynchronously!
[LOG] SystemI::createSound                     :     setdata soundi = 000002CDDE66AAF8 : node = 000002CCF9D61C90
[LOG] SystemI::createSound                     :     add node to async list : head = 000002CE27888EE8.  list count = 3
[LOG] SystemI::createSoundInternal             :     Stream 0/1: name='Lifes a lich 2-latin top long', format=5, channels=2, frequency=48000, lengthbytes=223488, lengthpcm=837817, pcmblocksize=0, loopstart=0, loopend=0, mode=0x00000000, channelmask=0x00000000, channelorder=0, peakvolume=0.315821.
[LOG] SystemI::createSound                     :     filename = LjudMusik/Desktop/Musik.bank : mode 02010082
[LOG] SystemI::createSound                     :     FMOD_NONBLOCKING specified.  Putting into queue to be opened asynchronously!
[LOG] SystemI::createSound                     :     setdata soundi = 000002CDDE670CD8 : node = 000002CCF9D5FE90
[LOG] SystemI::createSound                     :     add node to async list : head = 000002CE27888EE8.  list count = 4
[LOG] AsyncThread::threadFunc                  : Finished Asynchronous operation on sound 000002CDDE669358
[LOG] AsyncThread::threadFunc                  : Starting Asynchronous operation on sound 000002CDDE66A0D8
[LOG] SystemI::createSoundInternal             :     Create name='LjudMusik/Desktop/Musik.bank', mode=0x02010082
[LOG] SystemI::createSoundInternal             :     exinfo->cbsize             = 224
[LOG] SystemI::createSoundInternal             :     exinfo->length             = 3465632
[LOG] SystemI::createSoundInternal             :     exinfo->fileoffset         = 31712
[LOG] SystemI::createSoundInternal             :     exinfo->numsubsounds       = 1
[LOG] SystemI::createSoundInternal             :     exinfo->inclusionlist      = 000002CCF9D61EE0
[LOG] SystemI::createSoundInternal             :     exinfo->inclusionlistnum   = 1
[LOG] SystemI::createSoundInternal             :     exinfo->suggestedsoundtype = 5
[LOG] SystemI::createSoundInternal             :     exinfo->initialseekpostype = 1
[LOG] SystemI::createSoundInternal             :     Stream 0/1: name='Lifes a lich 2-bass longer', format=5, channels=2, frequency=48000, lengthbytes=222560, lengthpcm=1047271, pcmblocksize=0, loopstart=0, loopend=0, mode=0x00000000, channelmask=0x00000000, channelorder=0, peakvolume=0.364866.
[LOG] AsyncThread::threadFunc                  : Finished Asynchronous operation on sound 000002CDDE66A0D8
[LOG] AsyncThread::threadFunc                  : Starting Asynchronous operation on sound 000002CDDE66BA28
[LOG] SystemI::createSoundInternal             :     Create name='LjudMusik/Desktop/Musik.bank', mode=0x02010082
[LOG] SystemI::createSoundInternal             :     exinfo->cbsize             = 224
[LOG] SystemI::createSoundInternal             :     exinfo->length             = 3465632
[LOG] SystemI::createSoundInternal             :     exinfo->fileoffset         = 31712
[LOG] SystemI::createSoundInternal             :     exinfo->numsubsounds       = 1
[LOG] SystemI::createSoundInternal             :     exinfo->inclusionlist      = 000002CCF9D60C20
[LOG] SystemI::createSoundInternal             :     exinfo->inclusionlistnum   = 1
[LOG] SystemI::createSoundInternal             :     exinfo->suggestedsoundtype = 5
[LOG] SystemI::createSoundInternal             :     exinfo->initialseekpostype = 1
[LOG] SystemI::createSoundInternal             :     Stream 0/1: name='Lifes a lich 2-latin bass long', format=5, channels=2, frequency=48000, lengthbytes=220064, lengthpcm=837817, pcmblocksize=0, loopstart=0, loopend=0, mode=0x00000000, channelmask=0x00000000, channelorder=0, peakvolume=0.552854.
[LOG] AsyncThread::threadFunc                  : Finished Asynchronous operation on sound 000002CDDE66BA28
[LOG] AsyncThread::threadFunc                  : Starting Asynchronous operation on sound 000002CDDE66A288
[LOG] SystemI::createSoundInternal             :     Create name='LjudMusik/Desktop/Musik.bank', mode=0x02010082
[LOG] SystemI::createSoundInternal             :     exinfo->cbsize             = 224
[LOG] SystemI::createSoundInternal             :     exinfo->length             = 3465632
[LOG] SystemI::createSoundInternal             :     exinfo->fileoffset         = 31712
[LOG] SystemI::createSoundInternal             :     exinfo->numsubsounds       = 1
[LOG] SystemI::createSoundInternal             :     exinfo->inclusionlist      = 000002CCF9D60D60
[LOG] SystemI::createSoundInternal             :     exinfo->inclusionlistnum   = 1
[LOG] SystemI::createSoundInternal             :     exinfo->suggestedsoundtype = 5
[LOG] SystemI::createSoundInternal             :     exinfo->initialseekpostype = 1
[LOG] SystemI::createSoundInternal             :     Stream 0/1: name='Lifes a lich 2.multi longer', format=5, channels=2, frequency=48000, lengthbytes=266240, lengthpcm=1047271, pcmblocksize=0, loopstart=0, loopend=0, mode=0x00000000, channelmask=0x00000000, channelorder=0, peakvolume=0.774988.
[LOG] AsyncThread::threadFunc                  : Finished Asynchronous operation on sound 000002CDDE66A288
[LOG] AsyncThread::threadFunc                  : Starting Asynchronous operation on sound 000002CDDE66AAF8
[LOG] SystemI::createSoundInternal             :     Create name='LjudMusik/Desktop/Musik.bank', mode=0x02010082
[LOG] SystemI::createSoundInternal             :     exinfo->cbsize             = 224
[LOG] SystemI::createSoundInternal             :     exinfo->length             = 3465632
[LOG] SystemI::createSoundInternal             :     exinfo->fileoffset         = 31712
[LOG] SystemI::createSoundInternal             :     exinfo->numsubsounds       = 1
[LOG] SystemI::createSoundInternal             :     exinfo->inclusionlist      = 000002CCF9D61DA0
[LOG] SystemI::createSoundInternal             :     exinfo->inclusionlistnum   = 1
[LOG] SystemI::createSoundInternal             :     exinfo->suggestedsoundtype = 5
[LOG] SystemI::createSoundInternal             :     exinfo->initialseekposition = 13090
[LOG] SystemI::createSoundInternal             :     exinfo->initialseekpostype = 1
[LOG] SystemI::createSoundInternal             :     Stream 0/1: name='Lich-basson intro', format=5, channels=2, frequency=48000, lengthbytes=158080, lengthpcm=628363, pcmblocksize=0, loopstart=0, loopend=0, mode=0x00000000, channelmask=0x00000000, channelorder=0, peakvolume=0.311078.
[LOG] AsyncThread::threadFunc                  : Finished Asynchronous operation on sound 000002CDDE66AAF8
[LOG] AsyncThread::threadFunc                  : Starting Asynchronous operation on sound 000002CDDE670CD8
[LOG] SystemI::createSoundInternal             :     Create name='LjudMusik/Desktop/Musik.bank', mode=0x02010082
[LOG] SystemI::createSoundInternal             :     exinfo->cbsize             = 224
[LOG] SystemI::createSoundInternal             :     exinfo->length             = 3465632
[LOG] SystemI::createSoundInternal             :     exinfo->fileoffset         = 31712
[LOG] SystemI::createSoundInternal             :     exinfo->numsubsounds       = 1
[LOG] SystemI::createSoundInternal             :     exinfo->inclusionlist      = 000002CCF9D5FFA0
[LOG] SystemI::createSoundInternal             :     exinfo->inclusionlistnum   = 1
[LOG] SystemI::createSoundInternal             :     exinfo->suggestedsoundtype = 5
[LOG] SystemI::createSoundInternal             :     exinfo->initialseekpostype = 1
[LOG] SystemI::createSoundInternal             :     Stream 0/1: name='Lifes a lich 2-latin bass long', format=5, channels=2, frequency=48000, lengthbytes=220064, lengthpcm=837817, pcmblocksize=0, loopstart=0, loopend=0, mode=0x00000000, channelmask=0x00000000, channelorder=0, peakvolume=0.552854.
[LOG] AsyncThread::threadFunc                  : Finished Asynchronous operation on sound 000002CDDE670CD8
[LOG] AsyncThread::threadFunc                  : Starting Asynchronous operation on sound 000002CDDE673558
[LOG] AsyncThread::threadFunc                  : Finished Asynchronous operation on sound 000002CDDE673558
[LOG] SoundI::release                          : Lich-basson intro (000002CDDE66AAF8)
[LOG] SoundI::release                          :     Lich-basson intro (000002CDE45F4C08)
[LOG] SoundI::release                          :     Lich-basson intro (000002CDDE673558)
[LOG] SoundI::release                          : Lifes a lich 2.multi longer (000002CDDE674EA8)
[LOG] SoundI::release                          :     Lifes a lich 2.multi longer (000002CDE45F8688)
[LOG] SoundI::release                          :     Lifes a lich 2.multi longer (000002CDDE671A58)
[LOG] SoundI::release                          : Lifes a lich 2-latin low long (000002CDDE66AE58)
[LOG] SoundI::release                          :     Lifes a lich 2-latin low long (000002CDE45F8348)
[LOG] SoundI::release                          :     Lifes a lich 2-latin low long (000002CDDE6711E8)
[LOG] SoundI::release                          : Lifes a lich 2-latin top long (000002CDDE66C298)
[LOG] SoundI::release                          :     Lifes a lich 2-latin top long (000002CDE45F6468)
[LOG] SoundI::release                          :     Lifes a lich 2-latin top long (000002CDDE6718A8)
[LOG] SoundI::release                          : Lifes a lich 2-latin bass long (000002CDDE670CD8)
[LOG] SoundI::release                          :     Lifes a lich 2-latin bass long (000002CDE45F8828)
[LOG] SoundI::release                          :     Lifes a lich 2-latin bass long (000002CDDE673C18)
[LOG] AsyncThread::threadFunc                  : Starting Asynchronous operation on sound 000002CDDE6731F8
[LOG] AsyncThread::threadFunc                  : Finished Asynchronous operation on sound 000002CDDE6731F8
[LOG] SystemI::createSound                     : filename = LjudMusik/Desktop/Musik.bank : mode 02010082
[LOG] SystemI::createSound                     : FMOD_NONBLOCKING specified.  Putting into queue to be opened asynchronously!
[LOG] SystemI::createSound                     : setdata soundi = 000002CDDE673558 : node = 000002CCF9D5E6D0
[LOG] SystemI::createSound                     : add node to async list : head = 000002CE27888EE8.  list count = 0
[LOG] AsyncThread::threadFunc                  : Starting Asynchronous operation on sound 000002CDDE673558
[LOG] SystemI::createSound                     : filename = LjudMusik/Desktop/Musik.bank : mode 02010082
[LOG] SystemI::createSoundInternal             :     Create name='LjudMusik/Desktop/Musik.bank', mode=0x02010082
[LOG] SystemI::createSound                     :     FMOD_NONBLOCKING specified.  Putting into queue to be opened asynchronously!
[LOG] SystemI::createSoundInternal             :     exinfo->cbsize             = 224
[LOG] SystemI::createSound                     :     setdata soundi = 000002CDDE675C28 : node = 000002CCF9D5E810
[LOG] SystemI::createSoundInternal             :     exinfo->length             = 3465632
[LOG] SystemI::createSound                     :     add node to async list : head = 000002CE27888EE8.  list count = 0
[LOG] SystemI::createSoundInternal             :     exinfo->fileoffset         = 31712
[LOG] SystemI::createSoundInternal             :     exinfo->numsubsounds       = 1
[LOG] SystemI::createSound                     :     filename = LjudMusik/Desktop/Musik.bank : mode 02010082
[LOG] SystemI::createSoundInternal             :     exinfo->inclusionlist      = 000002CCF9D5E7E0
[LOG] SystemI::createSound                     :     FMOD_NONBLOCKING specified.  Putting into queue to be opened asynchronously!
[LOG] SystemI::createSoundInternal             :     exinfo->inclusionlistnum   = 1
[LOG] SystemI::createSound                     :     setdata soundi = 000002CDDE674128 : node = 000002CCF9D61010
[LOG] SystemI::createSoundInternal             :     exinfo->suggestedsoundtype = 5
[LOG] SystemI::createSound                     :     add node to async list : head = 000002CE27888EE8.  list count = 1
[LOG] SystemI::createSoundInternal             :     exinfo->initialseekposition = 21818
[LOG] SystemI::createSound                     :     filename = LjudMusik/Desktop/Musik.bank : mode 02010082
[LOG] SystemI::createSoundInternal             :     exinfo->initialseekpostype = 1
[LOG] SystemI::createSound                     :     FMOD_NONBLOCKING specified.  Putting into queue to be opened asynchronously!
[LOG] SystemI::createSound                     :     setdata soundi = 000002CDDE672988 : node = 000002CCF9D5EBD0
[LOG] SystemI::createSound                     :     add node to async list : head = 000002CE27888EE8.  list count = 2
[LOG] SystemI::createSound                     :     filename = LjudMusik/Desktop/Musik.bank : mode 02010082
[LOG] SystemI::createSound                     :     FMOD_NONBLOCKING specified.  Putting into queue to be opened asynchronously!
[LOG] SystemI::createSound                     :     setdata soundi = 000002CDDE6742D8 : node = 000002CCF9D61650
[LOG] SystemI::createSound                     :     add node to async list : head = 000002CE27888EE8.  list count = 3
[LOG] SystemI::createSound                     :     filename = LjudMusik/Desktop/Musik.bank : mode 02010082
[LOG] SystemI::createSound                     :     FMOD_NONBLOCKING specified.  Putting into queue to be opened asynchronously!
[LOG] SystemI::createSound                     :     setdata soundi = 000002CDDE674488 : node = 000002CCF9D5EF90
[LOG] SystemI::createSound                     :     add node to async list : head = 000002CE27888EE8.  list count = 4
[LOG] SystemI::createSound                     :     filename = LjudMusik/Desktop/Musik.bank : mode 02010082
[LOG] SystemI::createSound                     :     FMOD_NONBLOCKING specified.  Putting into queue to be opened asynchronously!
[LOG] SystemI::createSound                     :     setdata soundi = 000002CDDE674CF8 : node = 000002CCF9D5F0D0
[LOG] SystemI::createSound                     :     add node to async list : head = 000002CE27888EE8.  list count = 5
[LOG] SystemI::createSoundInternal             :     Stream 0/1: name='Lich-perc long', format=5, channels=2, frequency=48000, lengthbytes=275840, lengthpcm=1466182, pcmblocksize=0, loopstart=0, loopend=0, mode=0x00000000, channelmask=0x00000000, channelorder=0, peakvolume=0.572941.
[LOG] AsyncThread::threadFunc                  : Finished Asynchronous operation on sound 000002CDDE673558
[LOG] AsyncThread::threadFunc                  : Starting Asynchronous operation on sound 000002CDDE675C28
[LOG] SystemI::createSoundInternal             :     Create name='LjudMusik/Desktop/Musik.bank', mode=0x02010082
[LOG] SystemI::createSoundInternal             :     exinfo->cbsize             = 224
[LOG] SystemI::createSoundInternal             :     exinfo->length             = 3465632
[LOG] SystemI::createSoundInternal             :     exinfo->fileoffset         = 31712
[LOG] SystemI::createSoundInternal             :     exinfo->numsubsounds       = 1
[LOG] SystemI::createSoundInternal             :     exinfo->inclusionlist      = 000002CCF9D5E920
[LOG] SystemI::createSoundInternal             :     exinfo->inclusionlistnum   = 1
[LOG] SystemI::createSoundInternal             :     exinfo->suggestedsoundtype = 5
[LOG] SystemI::createSoundInternal             :     exinfo->initialseekposition = 8727
[LOG] SystemI::createSoundInternal             :     exinfo->initialseekpostype = 1
[LOG] SystemI::createSoundInternal             :     Stream 0/1: name='Lich-Latin kit bongo chorus', format=5, channels=2, frequency=48000, lengthbytes=159552, lengthpcm=628364, pcmblocksize=0, loopstart=0, loopend=0, mode=0x00000000, channelmask=0x00000000, channelorder=0, peakvolume=0.552853.
[LOG] AsyncThread::threadFunc                  : Finished Asynchronous operation on sound 000002CDDE675C28
[LOG] AsyncThread::threadFunc                  : Starting Asynchronous operation on sound 000002CDDE674128
[LOG] SystemI::createSoundInternal             :     Create name='LjudMusik/Desktop/Musik.bank', mode=0x02010082
[LOG] SystemI::createSoundInternal             :     exinfo->cbsize             = 224
[LOG] SystemI::createSoundInternal             :     exinfo->length             = 3465632
[LOG] SystemI::createSoundInternal             :     exinfo->fileoffset         = 31712
[LOG] SystemI::createSoundInternal             :     exinfo->numsubsounds       = 1
[LOG] SystemI::createSoundInternal             :     exinfo->inclusionlist      = 000002CCF9D61120
[LOG] SystemI::createSoundInternal             :     exinfo->inclusionlistnum   = 1
[LOG] SystemI::createSoundInternal             :     exinfo->suggestedsoundtype = 5
[LOG] SystemI::createSoundInternal             :     exinfo->initialseekpostype = 1
[LOG] SystemI::createSoundInternal             :     Stream 0/1: name='Lifes a lich 2-latin top long', format=5, channels=2, frequency=48000, lengthbytes=223488, lengthpcm=837817, pcmblocksize=0, loopstart=0, loopend=0, mode=0x00000000, channelmask=0x00000000, channelorder=0, peakvolume=0.315821.
[LOG] AsyncThread::threadFunc                  : Finished Asynchronous operation on sound 000002CDDE674128
[LOG] AsyncThread::threadFunc                  : Starting Asynchronous operation on sound 000002CDDE672988
[LOG] SystemI::createSoundInternal             :     Create name='LjudMusik/Desktop/Musik.bank', mode=0x02010082
[LOG] SystemI::createSoundInternal             :     exinfo->cbsize             = 224
[LOG] SystemI::createSoundInternal             :     exinfo->length             = 3465632
[LOG] SystemI::createSoundInternal             :     exinfo->fileoffset         = 31712
[LOG] SystemI::createSoundInternal             :     exinfo->numsubsounds       = 1
[LOG] SystemI::createSoundInternal             :     exinfo->inclusionlist      = 000002CCF9D5ECE0
[LOG] SystemI::createSoundInternal             :     exinfo->inclusionlistnum   = 1
[LOG] SystemI::createSoundInternal             :     exinfo->suggestedsoundtype = 5
[LOG] SystemI::createSoundInternal             :     exinfo->initialseekpostype = 1
[LOG] SystemI::createSoundInternal             :     Stream 0/1: name='Lifes a lich 2-latin bass long', format=5, channels=2, frequency=48000, lengthbytes=220064, lengthpcm=837817, pcmblocksize=0, loopstart=0, loopend=0, mode=0x00000000, channelmask=0x00000000, channelorder=0, peakvolume=0.552854.
[LOG] AsyncThread::threadFunc                  : Finished Asynchronous operation on sound 000002CDDE672988
[LOG] AsyncThread::threadFunc                  : Starting Asynchronous operation on sound 000002CDDE6742D8
[LOG] SystemI::createSoundInternal             :     Create name='LjudMusik/Desktop/Musik.bank', mode=0x02010082
[LOG] SystemI::createSoundInternal             :     exinfo->cbsize             = 224
[LOG] SystemI::createSoundInternal             :     exinfo->length             = 3465632
[LOG] SystemI::createSoundInternal             :     exinfo->fileoffset         = 31712
[LOG] SystemI::createSoundInternal             :     exinfo->numsubsounds       = 1
[LOG] SystemI::createSoundInternal             :     exinfo->inclusionlist      = 000002CCF9D61760
[LOG] SystemI::createSoundInternal             :     exinfo->inclusionlistnum   = 1
[LOG] SystemI::createSoundInternal             :     exinfo->suggestedsoundtype = 5
[LOG] SystemI::createSoundInternal             :     exinfo->initialseekpostype = 1
[LOG] SystemI::createSoundInternal             :     Stream 0/1: name='Lifes a lich 2.multi longer', format=5, channels=2, frequency=48000, lengthbytes=266240, lengthpcm=1047271, pcmblocksize=0, loopstart=0, loopend=0, mode=0x00000000, channelmask=0x00000000, channelorder=0, peakvolume=0.774988.
[LOG] AsyncThread::threadFunc                  : Finished Asynchronous operation on sound 000002CDDE6742D8
[LOG] AsyncThread::threadFunc                  : Starting Asynchronous operation on sound 000002CDDE674488
[LOG] SystemI::createSoundInternal             :     Create name='LjudMusik/Desktop/Musik.bank', mode=0x02010082
[LOG] SystemI::createSoundInternal             :     exinfo->cbsize             = 224
[LOG] SystemI::createSoundInternal             :     exinfo->length             = 3465632
[LOG] SystemI::createSoundInternal             :     exinfo->fileoffset         = 31712
[LOG] SystemI::createSoundInternal             :     exinfo->numsubsounds       = 1
[LOG] SystemI::createSoundInternal             :     exinfo->inclusionlist      = 000002CCF9D5F0A0
[LOG] SystemI::createSoundInternal             :     exinfo->inclusionlistnum   = 1
[LOG] SystemI::createSoundInternal             :     exinfo->suggestedsoundtype = 5
[LOG] SystemI::createSoundInternal             :     exinfo->initialseekposition = 13090
[LOG] SystemI::createSoundInternal             :     exinfo->initialseekpostype = 1
[LOG] SystemI::createSoundInternal             :     Stream 0/1: name='Lich-basson intro', format=5, channels=2, frequency=48000, lengthbytes=158080, lengthpcm=628363, pcmblocksize=0, loopstart=0, loopend=0, mode=0x00000000, channelmask=0x00000000, channelorder=0, peakvolume=0.311078.
[LOG] AsyncThread::threadFunc                  : Finished Asynchronous operation on sound 000002CDDE674488
[LOG] AsyncThread::threadFunc                  : Starting Asynchronous operation on sound 000002CDDE674CF8
[LOG] SystemI::createSoundInternal             :     Create name='LjudMusik/Desktop/Musik.bank', mode=0x02010082
[LOG] SystemI::createSoundInternal             :     exinfo->cbsize             = 224
[LOG] SystemI::createSoundInternal             :     exinfo->length             = 3465632
[LOG] SystemI::createSoundInternal             :     exinfo->fileoffset         = 31712
[LOG] SystemI::createSoundInternal             :     exinfo->numsubsounds       = 1
[LOG] SystemI::createSoundInternal             :     exinfo->inclusionlist      = 000002CCF9D5F1E0
[LOG] SystemI::createSoundInternal             :     exinfo->inclusionlistnum   = 1
[LOG] SystemI::createSoundInternal             :     exinfo->suggestedsoundtype = 5
[LOG] SystemI::createSoundInternal             :     exinfo->initialseekpostype = 1
[LOG] SystemI::createSoundInternal             :     Stream 0/1: name='Lifes a lich 2-latin bass long', format=5, channels=2, frequency=48000, lengthbytes=220064, lengthpcm=837817, pcmblocksize=0, loopstart=0, loopend=0, mode=0x00000000, channelmask=0x00000000, channelorder=0, peakvolume=0.552854.
[LOG] AsyncThread::threadFunc                  : Finished Asynchronous operation on sound 000002CDDE674CF8
[LOG] AsyncThread::threadFunc                  : Starting Asynchronous operation on sound 000002CDDE670618
[LOG] AsyncThread::threadFunc                  : Finished Asynchronous operation on sound 000002CDDE670618
[LOG] AsyncThread::threadFunc                  : Starting Asynchronous operation on sound 000002CDDE6702B8
[LOG] AsyncThread::threadFunc                  : Finished Asynchronous operation on sound 000002CDDE6702B8
[LOG] AsyncThread::threadFunc                  : Starting Asynchronous operation on sound 000002CDDE675718
[LOG] AsyncThread::threadFunc                  : Finished Asynchronous operation on sound 000002CDDE675718
[LOG] AsyncThread::threadFunc                  : Starting Asynchronous operation on sound 000002CDDE675DD8
[LOG] AsyncThread::threadFunc                  : Finished Asynchronous operation on sound 000002CDDE675DD8
[LOG] SoundI::release                          : Lich-basson intro (000002CDDE674488)
[LOG] SoundI::release                          :     Lich-basson intro (000002CDE45F8828)
[LOG] SoundI::release                          :     Lich-basson intro (000002CDDE670618)
[LOG] SoundI::release                          : Lifes a lich 2-latin bass long (000002CDDE66BA28)
[LOG] SoundI::release                          :     Lifes a lich 2-latin bass long (000002CDE45F5428)
[LOG] SoundI::release                          :     Lifes a lich 2-latin bass long (000002CDDE6767F8)
[LOG] SoundI::release                          : Lifes a lich 2-latin top long (000002CDDE669358)
[LOG] SoundI::release                          :     Lifes a lich 2-latin top long (000002CDE45F7988)
[LOG] SoundI::release                          :     Lifes a lich 2-latin top long (000002CDDE66A5E8)
[LOG] SoundI::release                          : Lifes a lich 2-latin bass long (000002CDDE674CF8)
[LOG] SoundI::release                          :     Lifes a lich 2-latin bass long (000002CDE45F9528)
[LOG] SoundI::release                          :     Lifes a lich 2-latin bass long (000002CDDE670E88)
[LOG] SoundI::release                          : Lich-perc long (000002CDDE673558)
[LOG] SoundI::release                          :     Lich-perc long (000002CDE45F6468)
[LOG] SoundI::release                          :     Lich-perc long (000002CDDE674EA8)
[LOG] SoundI::release                          : Lifes a lich 2.multi longer (000002CDDE66A288)
[LOG] SoundI::release                          :     Lifes a lich 2.multi longer (000002CDE45F62C8)
[LOG] SoundI::release                          :     Lifes a lich 2.multi longer (000002CDDE675A78)
[LOG] SoundI::release                          : Lifes a lich 2-bass longer (000002CDDE66A0D8)
[LOG] SoundI::release                          :     Lifes a lich 2-bass longer (000002CDE45F43E8)
[LOG] SoundI::release                          :     Lifes a lich 2-bass longer (000002CDDE6731F8)
[LOG] SoundI::release                          : Lich-Latin kit bongo chorus (000002CDDE675C28)
[LOG] SoundI::release                          :     Lich-Latin kit bongo chorus (000002CDE45F9388)
[LOG] SoundI::release                          :     Lich-Latin kit bongo chorus (000002CDDE670CD8)
[LOG] SystemI::createSound                     : filename = LjudMusik/Desktop/Musik.bank : mode 02010082
[LOG] SystemI::createSound                     : FMOD_NONBLOCKING specified.  Putting into queue to be opened asynchronously!
[LOG] SystemI::createSound                     : setdata soundi = 000002CDDE673558 : node = 000002CCF9D60890
[LOG] SystemI::createSound                     : add node to async list : head = 000002CE27888EE8.  list count = 0
[LOG] AsyncThread::threadFunc                  : Starting Asynchronous operation on sound 000002CDDE673558
[LOG] SystemI::createSound                     : filename = LjudMusik/Desktop/Musik.bank : mode 02010082
[LOG] SystemI::createSoundInternal             :     Create name='LjudMusik/Desktop/Musik.bank', mode=0x02010082
[LOG] SystemI::createSound                     :     FMOD_NONBLOCKING specified.  Putting into queue to be opened asynchronously!
[LOG] SystemI::createSoundInternal             :     exinfo->cbsize             = 224
[LOG] SystemI::createSound                     :     setdata soundi = 000002CDDE673C18 : node = 000002CCF9D5E6D0
[LOG] SystemI::createSoundInternal             :     exinfo->length             = 3465632
[LOG] SystemI::createSound                     :     add node to async list : head = 000002CE27888EE8.  list count = 0
[LOG] SystemI::createSoundInternal             :     exinfo->fileoffset         = 31712
[LOG] SystemI::createSoundInternal             :     exinfo->numsubsounds       = 1
[LOG] SystemI::createSound                     :     filename = LjudMusik/Desktop/Musik.bank : mode 02010082
[LOG] SystemI::createSoundInternal             :     exinfo->inclusionlist      = 000002CCF9D609A0
[LOG] SystemI::createSound                     :     FMOD_NONBLOCKING specified.  Putting into queue to be opened asynchronously!
[LOG] SystemI::createSoundInternal             :     exinfo->inclusionlistnum   = 1
[LOG] SystemI::createSound                     :     setdata soundi = 000002CDDE66FDA8 : node = 000002CCF9D61290
[LOG] SystemI::createSoundInternal             :     exinfo->suggestedsoundtype = 5
[LOG] SystemI::createSound                     :     add node to async list : head = 000002CE27888EE8.  list count = 1
[LOG] SystemI::createSoundInternal             :     exinfo->initialseekposition = 21818
[LOG] SystemI::createSound                     :     filename = LjudMusik/Desktop/Musik.bank : mode 02010082
[LOG] SystemI::createSoundInternal             :     exinfo->initialseekpostype = 1
[LOG] SystemI::createSound                     :     FMOD_NONBLOCKING specified.  Putting into queue to be opened asynchronously!
[LOG] SystemI::createSound                     :     setdata soundi = 000002CDDE671038 : node = 000002CCF9D5FE90
[LOG] SystemI::createSound                     :     add node to async list : head = 000002CE27888EE8.  list count = 2
[LOG] SystemI::createSound                     :     filename = LjudMusik/Desktop/Musik.bank : mode 02010082
[LOG] SystemI::createSound                     :     FMOD_NONBLOCKING specified.  Putting into queue to be opened asynchronously!
[LOG] SystemI::createSound                     :     setdata soundi = 000002CDDE675A78 : node = 000002CCF9D5E810
[LOG] SystemI::createSound                     :     add node to async list : head = 000002CE27888EE8.  list count = 3
[LOG] SystemI::createSound                     :     filename = LjudMusik/Desktop/Musik.bank : mode 02010082
[LOG] SystemI::createSound                     :     FMOD_NONBLOCKING specified.  Putting into queue to be opened asynchronously!
[LOG] SystemI::createSound                     :     setdata soundi = 000002CDDE674488 : node = 000002CCF9D61C90
[LOG] SystemI::createSound                     :     add node to async list : head = 000002CE27888EE8.  list count = 4
[LOG] SystemI::createSound                     :     filename = LjudMusik/Desktop/Musik.bank : mode 02010082
[LOG] SystemI::createSound                     :     FMOD_NONBLOCKING specified.  Putting into queue to be opened asynchronously!
[LOG] SystemI::createSound                     :     setdata soundi = 000002CDDE670618 : node = 000002CCF9D5EF90
[LOG] SystemI::createSound                     :     add node to async list : head = 000002CE27888EE8.  list count = 5
[LOG] SystemI::createSoundInternal             :     Stream 0/1: name='Lich-perc long', format=5, channels=2, frequency=48000, lengthbytes=275840, lengthpcm=1466182, pcmblocksize=0, loopstart=0, loopend=0, mode=0x00000000, channelmask=0x00000000, channelorder=0, peakvolume=0.572941.
[LOG] SystemI::createSound                     :     filename = LjudMusik/Desktop/Musik.bank : mode 02010082
[LOG] SystemI::createSound                     :     FMOD_NONBLOCKING specified.  Putting into queue to be opened asynchronously!
[LOG] SystemI::createSound                     :     setdata soundi = 000002CDDE670CD8 : node = 000002CCF9D609D0
[LOG] SystemI::createSound                     :     add node to async list : head = 000002CE27888EE8.  list count = 6
[LOG] SystemI::createSound                     :     filename = LjudMusik/Desktop/Musik.bank : mode 02010082
[LOG] SystemI::createSound                     :     FMOD_NONBLOCKING specified.  Putting into queue to be opened asynchronously!
[LOG] SystemI::createSound                     :     setdata soundi = 000002CDDE671398 : node = 000002CCF9D5F0D0
[LOG] SystemI::createSound                     :     add node to async list : head = 000002CE27888EE8.  list count = 7
[LOG] AsyncThread::threadFunc                  : Finished Asynchronous operation on sound 000002CDDE673558
[LOG] AsyncThread::threadFunc                  : Starting Asynchronous operation on sound 000002CDDE673C18
[LOG] SystemI::createSoundInternal             :     Create name='LjudMusik/Desktop/Musik.bank', mode=0x02010082
[LOG] SystemI::createSoundInternal             :     exinfo->cbsize             = 224
[LOG] SystemI::createSoundInternal             :     exinfo->length             = 3465632
[LOG] SystemI::createSoundInternal             :     exinfo->fileoffset         = 31712
[LOG] SystemI::createSoundInternal             :     exinfo->numsubsounds       = 1
[LOG] SystemI::createSoundInternal             :     exinfo->inclusionlist      = 000002CCF9D5E7E0
[LOG] SystemI::createSoundInternal             :     exinfo->inclusionlistnum   = 1
[LOG] SystemI::createSoundInternal             :     exinfo->suggestedsoundtype = 5
[LOG] SystemI::createSoundInternal             :     exinfo->initialseekposition = 8727
[LOG] SystemI::createSoundInternal             :     exinfo->initialseekpostype = 1
[LOG] SystemI::createSoundInternal             :     Stream 0/1: name='Lich-Latin kit bongo chorus', format=5, channels=2, frequency=48000, lengthbytes=159552, lengthpcm=628364, pcmblocksize=0, loopstart=0, loopend=0, mode=0x00000000, channelmask=0x00000000, channelorder=0, peakvolume=0.552853.
[LOG] AsyncThread::threadFunc                  : Finished Asynchronous operation on sound 000002CDDE673C18
[LOG] AsyncThread::threadFunc                  : Starting Asynchronous operation on sound 000002CDDE66FDA8
[LOG] SystemI::createSoundInternal             :     Create name='LjudMusik/Desktop/Musik.bank', mode=0x02010082
[LOG] SystemI::createSoundInternal             :     exinfo->cbsize             = 224
[LOG] SystemI::createSoundInternal             :     exinfo->length             = 3465632
[LOG] SystemI::createSoundInternal             :     exinfo->fileoffset         = 31712
[LOG] SystemI::createSoundInternal             :     exinfo->numsubsounds       = 1
[LOG] SystemI::createSoundInternal             :     exinfo->inclusionlist      = 000002CCF9D613A0
[LOG] SystemI::createSoundInternal             :     exinfo->inclusionlistnum   = 1
[LOG] SystemI::createSoundInternal             :     exinfo->suggestedsoundtype = 5
[LOG] SystemI::createSoundInternal             :     exinfo->initialseekpostype = 1
[LOG] SystemI::createSoundInternal             :     Stream 0/1: name='Lifes a lich 2-latin top long', format=5, channels=2, frequency=48000, lengthbytes=223488, lengthpcm=837817, pcmblocksize=0, loopstart=0, loopend=0, mode=0x00000000, channelmask=0x00000000, channelorder=0, peakvolume=0.315821.
[LOG] AsyncThread::threadFunc                  : Finished Asynchronous operation on sound 000002CDDE66FDA8
[LOG] AsyncThread::threadFunc                  : Starting Asynchronous operation on sound 000002CDDE671038
[LOG] SystemI::createSoundInternal             :     Create name='LjudMusik/Desktop/Musik.bank', mode=0x02010082
[LOG] SystemI::createSoundInternal             :     exinfo->cbsize             = 224
[LOG] SystemI::createSoundInternal             :     exinfo->length             = 3465632
[LOG] SystemI::createSoundInternal             :     exinfo->fileoffset         = 31712
[LOG] SystemI::createSoundInternal             :     exinfo->numsubsounds       = 1
[LOG] SystemI::createSoundInternal             :     exinfo->inclusionlist      = 000002CCF9D5FFA0
[LOG] SystemI::createSoundInternal             :     exinfo->inclusionlistnum   = 1
[LOG] SystemI::createSoundInternal             :     exinfo->suggestedsoundtype = 5
[LOG] SystemI::createSoundInternal             :     exinfo->initialseekpostype = 1
[LOG] SystemI::createSoundInternal             :     Stream 0/1: name='Lifes a lich 2-bass longer', format=5, channels=2, frequency=48000, lengthbytes=222560, lengthpcm=1047271, pcmblocksize=0, loopstart=0, loopend=0, mode=0x00000000, channelmask=0x00000000, channelorder=0, peakvolume=0.364866.
[LOG] AsyncThread::threadFunc                  : Finished Asynchronous operation on sound 000002CDDE671038
[LOG] AsyncThread::threadFunc                  : Starting Asynchronous operation on sound 000002CDDE675A78
[LOG] SystemI::createSoundInternal             :     Create name='LjudMusik/Desktop/Musik.bank', mode=0x02010082
[LOG] SystemI::createSoundInternal             :     exinfo->cbsize             = 224
[LOG] SystemI::createSoundInternal             :     exinfo->length             = 3465632
[LOG] SystemI::createSoundInternal             :     exinfo->fileoffset         = 31712
[LOG] SystemI::createSoundInternal             :     exinfo->numsubsounds       = 1
[LOG] SystemI::createSoundInternal             :     exinfo->inclusionlist      = 000002CCF9D5E920
[LOG] SystemI::createSoundInternal             :     exinfo->inclusionlistnum   = 1
[LOG] SystemI::createSoundInternal             :     exinfo->suggestedsoundtype = 5
[LOG] SystemI::createSoundInternal             :     exinfo->initialseekpostype = 1
[LOG] SystemI::createSoundInternal             :     Stream 0/1: name='Lifes a lich 2-latin bass long', format=5, channels=2, frequency=48000, lengthbytes=220064, lengthpcm=837817, pcmblocksize=0, loopstart=0, loopend=0, mode=0x00000000, channelmask=0x00000000, channelorder=0, peakvolume=0.552854.
[LOG] AsyncThread::threadFunc                  : Finished Asynchronous operation on sound 000002CDDE675A78
[LOG] AsyncThread::threadFunc                  : Starting Asynchronous operation on sound 000002CDDE674488
[LOG] SystemI::createSoundInternal             :     Create name='LjudMusik/Desktop/Musik.bank', mode=0x02010082
[LOG] SystemI::createSoundInternal             :     exinfo->cbsize             = 224
[LOG] SystemI::createSoundInternal             :     exinfo->length             = 3465632
[LOG] SystemI::createSoundInternal             :     exinfo->fileoffset         = 31712
[LOG] SystemI::createSoundInternal             :     exinfo->numsubsounds       = 1
[LOG] SystemI::createSoundInternal             :     exinfo->inclusionlist      = 000002CCF9D61DA0
[LOG] SystemI::createSoundInternal             :     exinfo->inclusionlistnum   = 1
[LOG] SystemI::createSoundInternal             :     exinfo->suggestedsoundtype = 5
[LOG] SystemI::createSoundInternal             :     exinfo->initialseekpostype = 1
[LOG] SystemI::createSoundInternal             :     Stream 0/1: name='Lifes a lich 2.multi longer', format=5, channels=2, frequency=48000, lengthbytes=266240, lengthpcm=1047271, pcmblocksize=0, loopstart=0, loopend=0, mode=0x00000000, channelmask=0x00000000, channelorder=0, peakvolume=0.774988.
[LOG] AsyncThread::threadFunc                  : Finished Asynchronous operation on sound 000002CDDE674488
[LOG] AsyncThread::threadFunc                  : Starting Asynchronous operation on sound 000002CDDE670618
[LOG] SystemI::createSoundInternal             :     Create name='LjudMusik/Desktop/Musik.bank', mode=0x02010082
[LOG] SystemI::createSoundInternal             :     exinfo->cbsize             = 224
[LOG] SystemI::createSoundInternal             :     exinfo->length             = 3465632
[LOG] SystemI::createSoundInternal             :     exinfo->fileoffset         = 31712
[LOG] SystemI::createSoundInternal             :     exinfo->numsubsounds       = 1
[LOG] SystemI::createSoundInternal             :     exinfo->inclusionlist      = 000002CCF9D5F0A0
[LOG] SystemI::createSoundInternal             :     exinfo->inclusionlistnum   = 1
[LOG] SystemI::createSoundInternal             :     exinfo->suggestedsoundtype = 5
[LOG] SystemI::createSoundInternal             :     exinfo->initialseekposition = 13090
[LOG] SystemI::createSoundInternal             :     exinfo->initialseekpostype = 1
[LOG] SystemI::createSoundInternal             :     Stream 0/1: name='Lich-basson intro', format=5, channels=2, frequency=48000, lengthbytes=158080, lengthpcm=628363, pcmblocksize=0, loopstart=0, loopend=0, mode=0x00000000, channelmask=0x00000000, channelorder=0, peakvolume=0.311078.
[LOG] AsyncThread::threadFunc                  : Finished Asynchronous operation on sound 000002CDDE670618
[LOG] AsyncThread::threadFunc                  : Starting Asynchronous operation on sound 000002CDDE670CD8
[LOG] SystemI::createSoundInternal             :     Create name='LjudMusik/Desktop/Musik.bank', mode=0x02010082
[LOG] SystemI::createSoundInternal             :     exinfo->cbsize             = 224
[LOG] SystemI::createSoundInternal             :     exinfo->length             = 3465632
[LOG] SystemI::createSoundInternal             :     exinfo->fileoffset         = 31712
[LOG] SystemI::createSoundInternal             :     exinfo->numsubsounds       = 1
[LOG] SystemI::createSoundInternal             :     exinfo->inclusionlist      = 000002CCF9D60AE0
[LOG] SystemI::createSoundInternal             :     exinfo->inclusionlistnum   = 1
[LOG] SystemI::createSoundInternal             :     exinfo->suggestedsoundtype = 5
[LOG] SystemI::createSoundInternal             :     exinfo->initialseekpostype = 1
[LOG] SystemI::createSoundInternal             :     Stream 0/1: name='Lifes a lich 2-latin bass long', format=5, channels=2, frequency=48000, lengthbytes=220064, lengthpcm=837817, pcmblocksize=0, loopstart=0, loopend=0, mode=0x00000000, channelmask=0x00000000, channelorder=0, peakvolume=0.552854.
[LOG] AsyncThread::threadFunc                  : Finished Asynchronous operation on sound 000002CDDE670CD8
[LOG] AsyncThread::threadFunc                  : Starting Asynchronous operation on sound 000002CDDE671398
[LOG] SystemI::createSoundInternal             :     Create name='LjudMusik/Desktop/Musik.bank', mode=0x02010082
[LOG] SystemI::createSoundInternal             :     exinfo->cbsize             = 224
[LOG] SystemI::createSoundInternal             :     exinfo->length             = 3465632
[LOG] SystemI::createSoundInternal             :     exinfo->fileoffset         = 31712
[LOG] SystemI::createSoundInternal             :     exinfo->numsubsounds       = 1
[LOG] SystemI::createSoundInternal             :     exinfo->inclusionlist      = 000002CCF9D5F1E0
[LOG] SystemI::createSoundInternal             :     exinfo->inclusionlistnum   = 1
[LOG] SystemI::createSoundInternal             :     exinfo->suggestedsoundtype = 5
[LOG] SystemI::createSoundInternal             :     exinfo->initialseekpostype = 1
[LOG] SystemI::createSoundInternal             :     Stream 0/1: name='Harp', format=5, channels=2, frequency=48000, lengthbytes=203360, lengthpcm=1047271, pcmblocksize=0, loopstart=0, loopend=0, mode=0x00000000, channelmask=0x00000000, channelorder=0, peakvolume=0.414143.
[LOG] AsyncThread::threadFunc                  : Finished Asynchronous operation on sound 000002CDDE671398
[LOG] AsyncThread::threadFunc                  : Starting Asynchronous operation on sound 000002CDDE677C38
[LOG] AsyncThread::threadFunc                  : Finished Asynchronous operation on sound 000002CDDE677C38
[LOG] AsyncThread::threadFunc                  : Starting Asynchronous operation on sound 000002CDDE678808
[LOG] AsyncThread::threadFunc                  : Finished Asynchronous operation on sound 000002CDDE678808
[LOG] AsyncThread::threadFunc                  : Starting Asynchronous operation on sound 000002CDDE677A88
[LOG] AsyncThread::threadFunc                  : Finished Asynchronous operation on sound 000002CDDE677A88
[LOG] AsyncThread::threadFunc                  : Starting Asynchronous operation on sound 000002CDDE677578
[LOG] AsyncThread::threadFunc                  : Finished Asynchronous operation on sound 000002CDDE677578
[LOG] SoundI::release                          : Lich-basson intro (000002CDDE670618)
[LOG] SoundI::release                          :     Lich-basson intro (000002CDE45F9388)
[LOG] SoundI::release                          :     Lich-basson intro (000002CDDE677C38)
[LOG] SoundI::release                          : Lifes a lich 2-latin bass long (000002CDDE672988)
[LOG] SoundI::release                          :     Lifes a lich 2-latin bass long (000002CDE45F8688)
[LOG] SoundI::release                          :     Lifes a lich 2-latin bass long (000002CDDE675718)
[LOG] SoundI::release                          : Lifes a lich 2-latin top long (000002CDDE674128)
[LOG] SoundI::release                          :     Lifes a lich 2-latin top long (000002CDE45F8348)
[LOG] SoundI::release                          :     Lifes a lich 2-latin top long (000002CDDE6702B8)
[LOG] SoundI::release                          : Lifes a lich 2-latin bass long (000002CDDE670CD8)
[LOG] SoundI::release                          :     Lifes a lich 2-latin bass long (000002CDE45F9528)
[LOG] SoundI::release                          :     Lifes a lich 2-latin bass long (000002CDDE677DE8)
[LOG] SoundI::release                          : Lich-perc long (000002CDDE673558)
[LOG] SoundI::release                          :     Lich-perc long (000002CDE45F5428)
[LOG] SoundI::release                          :     Lich-perc long (000002CDDE670468)
[LOG] SoundI::release                          : Lifes a lich 2.multi longer (000002CDDE6742D8)
[LOG] SoundI::release                          :     Lifes a lich 2.multi longer (000002CDE45F4F48)
[LOG] SoundI::release                          :     Lifes a lich 2.multi longer (000002CDDE675DD8)
[LOG] SoundI::release                          : Lich-Latin kit bongo chorus (000002CDDE673C18)
[LOG] SoundI::release                          :     Lich-Latin kit bongo chorus (000002CDE45F8828)
[LOG] SoundI::release                          :     Lich-Latin kit bongo chorus (000002CDDE676B58)
[LOG] AsyncThread::threadFunc                  : Starting Asynchronous operation on sound 000002CDDE6778D8
[LOG] AsyncThread::threadFunc                  : Finished Asynchronous operation on sound 000002CDDE6778D8
[LOG] SystemI::createSound                     : filename = LjudMusik/Desktop/Musik.bank : mode 02010082
[LOG] SystemI::createSound                     : FMOD_NONBLOCKING specified.  Putting into queue to be opened asynchronously!
[LOG] SystemI::createSound                     : setdata soundi = 000002CDDE672988 : node = 000002CCF9D5EBD0
[LOG] SystemI::createSound                     : add node to async list : head = 000002CE27888EE8.  list count = 0
[LOG] AsyncThread::threadFunc                  : Starting Asynchronous operation on sound 000002CDDE672988
[LOG] SystemI::createSound                     : filename = LjudMusik/Desktop/Musik.bank : mode 02010082
[LOG] SystemI::createSoundInternal             :     Create name='LjudMusik/Desktop/Musik.bank', mode=0x02010082
[LOG] SystemI::createSound                     :     FMOD_NONBLOCKING specified.  Putting into queue to be opened asynchronously!
[LOG] SystemI::createSoundInternal             :     exinfo->cbsize             = 224
[LOG] SystemI::createSound                     :     setdata soundi = 000002CDDE673C18 : node = 000002CCF9D5FFD0
[LOG] SystemI::createSoundInternal             :     exinfo->length             = 3465632
[LOG] SystemI::createSound                     :     add node to async list : head = 000002CE27888EE8.  list count = 0
[LOG] SystemI::createSoundInternal             :     exinfo->fileoffset         = 31712
[LOG] SystemI::createSoundInternal             :     exinfo->numsubsounds       = 1
[LOG] SystemI::createSound                     :     filename = LjudMusik/Desktop/Musik.bank : mode 02010082
[LOG] SystemI::createSoundInternal             :     exinfo->inclusionlist      = 000002CCF9D5ECE0
[LOG] SystemI::createSound                     :     FMOD_NONBLOCKING specified.  Putting into queue to be opened asynchronously!
[LOG] SystemI::createSoundInternal             :     exinfo->inclusionlistnum   = 1
[LOG] SystemI::createSound                     :     setdata soundi = 000002CDDE675C28 : node = 000002CCF9D5E6D0
[LOG] SystemI::createSoundInternal             :     exinfo->suggestedsoundtype = 5
[LOG] SystemI::createSound                     :     add node to async list : head = 000002CE27888EE8.  list count = 1
[LOG] SystemI::createSoundInternal             :     exinfo->initialseekposition = 21818
[LOG] SystemI::createSoundInternal             :     exinfo->initialseekpostype = 1
[LOG] SystemI::createSound                     :     filename = LjudMusik/Desktop/Musik.bank : mode 02010082
[LOG] SystemI::createSound                     :     FMOD_NONBLOCKING specified.  Putting into queue to be opened asynchronously!
[LOG] SystemI::createSound                     :     setdata soundi = 000002CDDE675DD8 : node = 000002CCF9D60890
[LOG] SystemI::createSound                     :     add node to async list : head = 000002CE27888EE8.  list count = 2
[LOG] SystemI::createSound                     :     filename = LjudMusik/Desktop/Musik.bank : mode 02010082
[LOG] SystemI::createSound                     :     FMOD_NONBLOCKING specified.  Putting into queue to be opened asynchronously!
[LOG] SystemI::createSound                     :     setdata soundi = 000002CDDE675718 : node = 000002CCF9D61010
[LOG] SystemI::createSound                     :     add node to async list : head = 000002CE27888EE8.  list count = 3
[LOG] SystemI::createSoundInternal             :     Stream 0/1: name='Lich-perc long', format=5, channels=2, frequency=48000, lengthbytes=275840, lengthpcm=1466182, pcmblocksize=0, loopstart=0, loopend=0, mode=0x00000000, channelmask=0x00000000, channelorder=0, peakvolume=0.572941.
[LOG] AsyncThread::threadFunc                  : Finished Asynchronous operation on sound 000002CDDE672988
[LOG] AsyncThread::threadFunc                  : Starting Asynchronous operation on sound 000002CDDE673C18
[LOG] SystemI::createSoundInternal             :     Create name='LjudMusik/Desktop/Musik.bank', mode=0x02010082
[LOG] SystemI::createSoundInternal             :     exinfo->cbsize             = 224
[LOG] SystemI::createSoundInternal             :     exinfo->length             = 3465632
[LOG] SystemI::createSoundInternal             :     exinfo->fileoffset         = 31712
[LOG] SystemI::createSoundInternal             :     exinfo->numsubsounds       = 1
[LOG] SystemI::createSoundInternal             :     exinfo->inclusionlist      = 000002CCF9D600E0
[LOG] SystemI::createSoundInternal             :     exinfo->inclusionlistnum   = 1
[LOG] SystemI::createSoundInternal             :     exinfo->suggestedsoundtype = 5
[LOG] SystemI::createSoundInternal             :     exinfo->initialseekposition = 8727
[LOG] SystemI::createSoundInternal             :     exinfo->initialseekpostype = 1
[LOG] SystemI::createSoundInternal             :     Stream 0/1: name='Lich-Latin kit bongo chorus', format=5, channels=2, frequency=48000, lengthbytes=159552, lengthpcm=628364, pcmblocksize=0, loopstart=0, loopend=0, mode=0x00000000, channelmask=0x00000000, channelorder=0, peakvolume=0.552853.
[LOG] AsyncThread::threadFunc                  : Finished Asynchronous operation on sound 000002CDDE673C18
[LOG] AsyncThread::threadFunc                  : Starting Asynchronous operation on sound 000002CDDE675C28
[LOG] SystemI::createSoundInternal             :     Create name='LjudMusik/Desktop/Musik.bank', mode=0x02010082
[LOG] SystemI::createSoundInternal             :     exinfo->cbsize             = 224
[LOG] SystemI::createSoundInternal             :     exinfo->length             = 3465632
[LOG] SystemI::createSoundInternal             :     exinfo->fileoffset         = 31712
[LOG] SystemI::createSoundInternal             :     exinfo->numsubsounds       = 1
[LOG] SystemI::createSoundInternal             :     exinfo->inclusionlist      = 000002CCF9D5E7E0
[LOG] SystemI::createSoundInternal             :     exinfo->inclusionlistnum   = 1
[LOG] SystemI::createSoundInternal             :     exinfo->suggestedsoundtype = 5
[LOG] SystemI::createSoundInternal             :     exinfo->initialseekpostype = 1
[LOG] SystemI::createSoundInternal             :     Stream 0/1: name='Lich-Latin kit chorus', format=5, channels=2, frequency=48000, lengthbytes=149536, lengthpcm=628364, pcmblocksize=0, loopstart=0, loopend=0, mode=0x00000000, channelmask=0x00000000, channelorder=0, peakvolume=0.315800.
[LOG] AsyncThread::threadFunc                  : Finished Asynchronous operation on sound 000002CDDE675C28
[LOG] AsyncThread::threadFunc                  : Starting Asynchronous operation on sound 000002CDDE675DD8
[LOG] SystemI::createSoundInternal             :     Create name='LjudMusik/Desktop/Musik.bank', mode=0x02010082
[LOG] SystemI::createSoundInternal             :     exinfo->cbsize             = 224
[LOG] SystemI::createSoundInternal             :     exinfo->length             = 3465632
[LOG] SystemI::createSoundInternal             :     exinfo->fileoffset         = 31712
[LOG] SystemI::createSoundInternal             :     exinfo->numsubsounds       = 1
[LOG] SystemI::createSoundInternal             :     exinfo->inclusionlist      = 000002CCF9D609A0
[LOG] SystemI::createSoundInternal             :     exinfo->inclusionlistnum   = 1
[LOG] SystemI::createSoundInternal             :     exinfo->suggestedsoundtype = 5
[LOG] SystemI::createSoundInternal             :     exinfo->initialseekpostype = 1
[LOG] SystemI::createSoundInternal             :     Stream 0/1: name='Lich-bass intro', format=5, channels=2, frequency=48000, lengthbytes=130688, lengthpcm=628364, pcmblocksize=0, loopstart=0, loopend=0, mode=0x00000000, channelmask=0x00000000, channelorder=0, peakvolume=0.359763.
[LOG] AsyncThread::threadFunc                  : Finished Asynchronous operation on sound 000002CDDE675DD8
[LOG] AsyncThread::threadFunc                  : Starting Asynchronous operation on sound 000002CDDE675718
[LOG] SystemI::createSoundInternal             :     Create name='LjudMusik/Desktop/Musik.bank', mode=0x02010082
[LOG] SystemI::createSoundInternal             :     exinfo->cbsize             = 224
[LOG] SystemI::createSoundInternal             :     exinfo->length             = 3465632
[LOG] SystemI::createSoundInternal             :     exinfo->fileoffset         = 31712
[LOG] SystemI::createSoundInternal             :     exinfo->numsubsounds       = 1
[LOG] SystemI::createSoundInternal             :     exinfo->inclusionlist      = 000002CCF9D61120
[LOG] SystemI::createSoundInternal             :     exinfo->inclusionlistnum   = 1
[LOG] SystemI::createSoundInternal             :     exinfo->suggestedsoundtype = 5
[LOG] SystemI::createSoundInternal             :     exinfo->initialseekpostype = 1
[LOG] SystemI::createSoundInternal             :     Stream 0/1: name='Lich-Latin kit bongo chorus', format=5, channels=2, frequency=48000, lengthbytes=159552, lengthpcm=628364, pcmblocksize=0, loopstart=0, loopend=0, mode=0x00000000, channelmask=0x00000000, channelorder=0, peakvolume=0.552853.
[LOG] AsyncThread::threadFunc                  : Finished Asynchronous operation on sound 000002CDDE675718
[LOG] AsyncThread::threadFunc                  : Starting Asynchronous operation on sound 000002CDDE670468
[LOG] AsyncThread::threadFunc                  : Finished Asynchronous operation on sound 000002CDDE670468
[LOG] AsyncThread::threadFunc                  : Starting Asynchronous operation on sound 000002CDDE6731F8
[LOG] AsyncThread::threadFunc                  : Finished Asynchronous operation on sound 000002CDDE6731F8
[LOG] SoundI::release                          : Lifes a lich 2-latin bass long (000002CDDE675A78)
[LOG] SoundI::release                          :     Lifes a lich 2-latin bass long (000002CDE45F6468)
[LOG] SoundI::release                          :     Lifes a lich 2-latin bass long (000002CDDE677A88)
[LOG] SoundI::release                          : Lifes a lich 2-latin top long (000002CDDE66FDA8)
[LOG] SoundI::release                          :     Lifes a lich 2-latin top long (000002CDE45F4248)
[LOG] SoundI::release                          :     Lifes a lich 2-latin top long (000002CDDE677578)
[LOG] SoundI::release                          : Lich-perc long (000002CDDE672988)
[LOG] SoundI::release                          :     Lich-perc long (000002CDE45F4C08)
[LOG] SoundI::release                          :     Lich-perc long (000002CDDE6767F8)
[LOG] SoundI::release                          : Harp (000002CDDE671398)
[LOG] SoundI::release                          :     Harp (000002CDE45F43E8)
[LOG] SoundI::release                          :     Harp (000002CDDE6784A8)
[LOG] SoundI::release                          : Lifes a lich 2.multi longer (000002CDDE674488)
[LOG] SoundI::release                          :     Lifes a lich 2.multi longer (000002CDE45F7988)
[LOG] SoundI::release                          :     Lifes a lich 2.multi longer (000002CDDE678808)
[LOG] SoundI::release                          : Lifes a lich 2-bass longer (000002CDDE671038)
[LOG] SoundI::release                          :     Lifes a lich 2-bass longer (000002CDE45F62C8)
[LOG] SoundI::release                          :     Lifes a lich 2-bass longer (000002CDDE6778D8)
[LOG] SoundI::release                          : Lich-Latin kit bongo chorus (000002CDDE673C18)
[LOG] SoundI::release                          :     Lich-Latin kit bongo chorus (000002CDE45F8688)
[LOG] SoundI::release                          :     Lich-Latin kit bongo chorus (000002CDDE6702B8)
[LOG] SystemI::createSound                     : filename = LjudMusik/Desktop/Musik.bank : mode 02010082
[LOG] SystemI::createSound                     : FMOD_NONBLOCKING specified.  Putting into queue to be opened asynchronously!
[LOG] SystemI::createSound                     : setdata soundi = 000002CDDE672988 : node = 000002CCF9D61C90
[LOG] SystemI::createSound                     : add node to async list : head = 000002CE27888EE8.  list count = 0
[LOG] AsyncThread::threadFunc                  : Starting Asynchronous operation on sound 000002CDDE672988
[LOG] SystemI::createSoundInternal             :     Create name='LjudMusik/Desktop/Musik.bank', mode=0x02010082
[LOG] SystemI::createSoundInternal             :     exinfo->cbsize             = 224
[LOG] SystemI::createSoundInternal             :     exinfo->length             = 3465632
[LOG] SystemI::createSoundInternal             :     exinfo->fileoffset         = 31712
[LOG] SystemI::createSoundInternal             :     exinfo->numsubsounds       = 1
[LOG] SystemI::createSoundInternal             :     exinfo->inclusionlist      = 000002CCF9D61DA0
[LOG] SystemI::createSoundInternal             :     exinfo->inclusionlistnum   = 1
[LOG] SystemI::createSoundInternal             :     exinfo->suggestedsoundtype = 5
[LOG] SystemI::createSoundInternal             :     exinfo->initialseekposition = 21818
[LOG] SystemI::createSoundInternal             :     exinfo->initialseekpostype = 1
[LOG] SystemI::createSoundInternal             :     Stream 0/1: name='Lich-perc long', format=5, channels=2, frequency=48000, lengthbytes=275840, lengthpcm=1466182, pcmblocksize=0, loopstart=0, loopend=0, mode=0x00000000, channelmask=0x00000000, channelorder=0, peakvolume=0.572941.
[LOG] AsyncThread::threadFunc                  : Finished Asynchronous operation on sound 000002CDDE672988
[LOG] SoundI::release                          :  (000002CB22EAD718)
[LOG] SoundI::release                          :     Lich-cello stacc 2nd part 2 (000002CDE45F5F88)
[LOG] SoundI::release                          :  (000002CB22EAF3D8)
[LOG] SoundI::release                          :     Lich-flute drill 2nd part (000002CDE45F3A28)
[LOG] SoundI::release                          :  (000002CB22EB21D8)
[LOG] SoundI::release                          :     Lich-violin stacc 2nd part (000002CDE45F4DA8)
[LOG] SoundI::release                          :  (000002CB22EB1AA8)
[LOG] SoundI::release                          :     Lich-flute drill to ending (000002CDE45F7CC8)
[LOG] SoundI::release                          :  (000002CB22EAEE18)
[LOG] SoundI::release                          :     Lich-basson 2nd part (000002CDE45F4728)
[LOG] SoundI::release                          :  (000002CB22EB1658)
[LOG] SoundI::release                          :     Lifes a lich 2- effect (000002CDE45F48C8)
[LOG] SoundI::release                          :  (000002CB22EB1098)
[LOG] SoundI::release                          :     Lich-Latin kit bongo 2nd part (000002CDE45F40A8)
[LOG] SoundI::release                          : Lich-perc long (000002CDDE672988)
[LOG] SoundI::release                          :     Lich-perc long (000002CDE45F7988)
[LOG] SoundI::release                          :     Lich-perc long (000002CDDE674CF8)
[LOG] SoundI::release                          : Lich-Latin kit bongo chorus (000002CDDE675718)
[LOG] SoundI::release                          :     Lich-Latin kit bongo chorus (000002CDE45F9388)
[LOG] SoundI::release                          :     Lich-Latin kit bongo chorus (000002CDDE6731F8)
[LOG] SoundI::release                          : Lich-bass intro (000002CDDE675DD8)
[LOG] SoundI::release                          :     Lich-bass intro (000002CDE45F8828)
[LOG] SoundI::release                          :     Lich-bass intro (000002CDDE670B28)
[LOG] SoundI::release                          : Lich-Latin kit chorus (000002CDDE675C28)
[LOG] SoundI::release                          :     Lich-Latin kit chorus (000002CDE45F8348)
[LOG] SoundI::release                          :     Lich-Latin kit chorus (000002CDDE670468)
[LOG] SoundI::release                          :  (000002CB22EAF548)
[LOG] SoundI::release                          :     Lich-harp pre chorus (000002CDE45F6128)
[LOG] SoundI::release                          :  (000002CB22EB2068)
[LOG] SoundI::release                          :     Lifes a lich 2- orc kit lite intro (000002CDE45F5AA8)
[LOG] SoundI::release                          :  (000002CB22EAF6B8)
[LOG] SoundI::release                          :     Lich-cello stacc 2nd part 1 (000002CDE45F3BC8)
[LOG] Thread::callback                         : FMOD Studio update thread finished.
[LOG] Thread::callback                         : FMOD Studio bank load thread finished.
[LOG] Profile::disconnectAll                   : Profiler disconnecting all clients
[LOG] Thread::callback                         : FMOD Studio sample load thread finished.
[LOG] LiveUpdate::release                      : 
[LOG] LiveUpdate::reset                        : Reset connection (reason Disconnected)
[LOG] Thread::callback                         : FMOD stream thread finished.
[LOG] Thread::callback                         : FMOD mixer thread finished.
[LOG] Profile::disconnectAll                   : Profiler disconnecting all clients
[LOG] SystemI::close                           : Closed.
